Build started 2/14/2011 12:46:50 PM.
Project "Z:\Code\esoma\sender\platform\windows\esomas\esomas.vcxproj" on node 2 (build target(s)).
InitializeBuildStatus:
  Creating "Debug\esomas.unsuccessfulbuild" because "AlwaysCreate" was specified.
ClCompile:
  C:\Program Files\Microsoft Visual Studio 10.0\VC\bin\CL.exe /c /I"C:\Program Files\zeromq\include" /I"C:\Program Files\OpenNI\Include\Win32" /I"C:\Program Files\OpenNI\Include" /ZI /nologo /W3 /WX- /Od /Oy- /D WIN32 /D _DEBUG /D _CONSOLE /D _UNICODE /D UNICODE /Gm /EHsc /RTC1 /MDd /GS /fp:precise /Zc:wchar_t /Zc:forScope /Fo"Debug\\" /Fd"Debug\vc100.pdb" /Gd /TP /analyze- /errorReport:prompt ..\..\..\src\main.cpp
  main.cpp
ManifestResourceCompile:
  All outputs are up-to-date.
Link:
  C:\Program Files\Microsoft Visual Studio 10.0\VC\bin\link.exe /ERRORREPORT:PROMPT /OUT:"Z:\Code\esoma\sender\platform\windows\esomas\bin\Debug\esomas.exe" /INCREMENTAL /NOLOGO /LIBPATH:"C:\Program Files\OpenNI\Lib" /LIBPATH:"C:\Program Files\zeromq\builds\msvc\Debug" openNI.lib libzmq.lib kernel32.lib user32.lib gdi32.lib winspool.lib comdlg32.lib advapi32.lib shell32.lib ole32.lib oleaut32.lib uuid.lib odbc32.lib odbccp32.lib /MANIFEST /ManifestFile:"Debug\esomas.exe.intermediate.manifest" /MANIFESTUAC:"level='asInvoker' uiAccess='false'" /DEBUG /PDB:"Z:\Code\esoma\sender\platform\windows\esomas\bin\Debug\esomas.pdb" /SUBSYSTEM:CONSOLE /TLBID:1 /DYNAMICBASE /NXCOMPAT /IMPLIB:"Z:\Code\esoma\sender\platform\windows\esomas\bin\Debug\esomas.lib" /MACHINE:X86 Debug\esomas.exe.embed.manifest.res
  Debug\Callback.obj
  Debug\main.obj
  Debug\Skeleton.obj
Manifest:
  C:\Program Files\Microsoft SDKs\Windows\v7.0A\bin\mt.exe /nologo /verbose /out:"Debug\esomas.exe.embed.manifest" /manifest Debug\esomas.exe.intermediate.manifest
  All outputs are up-to-date.
LinkEmbedManifest:
  All outputs are up-to-date.
  esomas.vcxproj -> Z:\Code\esoma\sender\platform\windows\esomas\bin\Debug\esomas.exe
FinalizeBuildStatus:
  Deleting file "Debug\esomas.unsuccessfulbuild".
  Touching "Debug\esomas.lastbuildstate".
Done Building Project "Z:\Code\esoma\sender\platform\windows\esomas\esomas.vcxproj" (build target(s)).

Build succeeded.

Time Elapsed 00:00:04.59
